<?xml version="1.0" encoding="UTF-8"?>
<!-- Generated by org.testng.reporters.JUnitReportReporter -->
<testsuite hostname="server.osx" name="threshold.mr04.SignatureTest" tests="1" failures="0" timestamp="21 Mar 2015 03:45:01 GMT" time="6180.808" errors="0">
  <testcase name="testMain" time="6180.808" classname="threshold.mr04.SignatureTest"/>
</testsuite> <!-- threshold.mr04.SignatureTest -->
