<?xml version="1.0" encoding="UTF-8" ?>
<testsuite tests="1" failures="0" name="TestSuite" time="6,181.666" errors="0" skipped="0">
  <properties>
    <property name="java.runtime.name" value="Java(TM) SE Runtime Environment"/>
    <property name="sun.boot.library.path" value="/Library/Java/JavaVirtualMachines/jdk1.8.0_20.jdk/Contents/Home/jre/lib"/>
    <property name="java.vm.version" value="25.20-b23"/>
    <property name="gopherProxySet" value="false"/>
    <property name="java.vm.vendor" value="Oracle Corporation"/>
    <property name="java.vendor.url" value="http://java.oracle.com/"/>
    <property name="path.separator" value=":"/>
    <property name="java.vm.name" value="Java HotSpot(TM) 64-Bit Server VM"/>
    <property name="file.encoding.pkg" value="sun.io"/>
    <property name="user.country" value="GB"/>
    <property name="sun.java.launcher" value="SUN_STANDARD"/>
    <property name="sun.os.patch.level" value="unknown"/>
    <property name="java.vm.specification.name" value="Java Virtual Machine Specification"/>
    <property name="user.dir" value="/Users/user/Development/work/TFBW/EcdsaTwoPartyThresholdSignature"/>
    <property name="java.runtime.version" value="1.8.0_20-b26"/>
    <property name="java.awt.graphicsenv" value="sun.awt.CGraphicsEnvironment"/>
    <property name="basedir" value="/Users/user/Development/work/TFBW/EcdsaTwoPartyThresholdSignature"/>
    <property name="java.endorsed.dirs" value="/Library/Java/JavaVirtualMachines/jdk1.8.0_20.jdk/Contents/Home/jre/lib/endorsed"/>
    <property name="os.arch" value="x86_64"/>
    <property name="surefire.real.class.path" value="/Users/user/Development/work/TFBW/EcdsaTwoPartyThresholdSignature/target/surefire/surefirebooter4200254388658658932.jar"/>
    <property name="java.io.tmpdir" value="/var/folders/xb/757s6f557dz86vgxcv2gb2r40000gs/T/"/>
    <property name="line.separator" value="
"/>
    <property name="java.vm.specification.vendor" value="Oracle Corporation"/>
    <property name="os.name" value="Mac OS X"/>
    <property name="sun.jnu.encoding" value="UTF-8"/>
    <property name="java.library.path" value="/Users/user/Library/Java/Extensions:/Library/Java/Extensions:/Network/Library/Java/Extensions:/System/Library/Java/Extensions:/usr/lib/java:."/>
    <property name="surefire.test.class.path" value="/Users/user/Development/work/TFBW/EcdsaTwoPartyThresholdSignature/target/test-classes:/Users/user/Development/work/TFBW/EcdsaTwoPartyThresholdSignature/target/classes:/Users/user/.m2/repository/org/bouncycastle/bcprov-jdk15on/1.51/bcprov-jdk15on-1.51.jar:/Users/user/.m2/repository/org/testng/testng/6.8.7/testng-6.8.7.jar:/Users/user/.m2/repository/org/beanshell/bsh/2.0b4/bsh-2.0b4.jar:/Users/user/.m2/repository/com/beust/jcommander/1.27/jcommander-1.27.jar:/Users/user/.m2/repository/org/yaml/snakeyaml/1.12/snakeyaml-1.12.jar:/Users/user/.m2/repository/junit/junit/4.11/junit-4.11.jar:/Users/user/.m2/repository/org/hamcrest/hamcrest-core/1.3/hamcrest-core-1.3.jar:"/>
    <property name="java.specification.name" value="Java Platform API Specification"/>
    <property name="java.class.version" value="52.0"/>
    <property name="sun.management.compiler" value="HotSpot 64-Bit Tiered Compilers"/>
    <property name="os.version" value="10.7.5"/>
    <property name="http.nonProxyHosts" value="local|*.local|169.254/16|*.169.254/16"/>
    <property name="user.home" value="/Users/user"/>
    <property name="user.timezone" value="Asia/Bangkok"/>
    <property name="java.awt.printerjob" value="sun.lwawt.macosx.CPrinterJob"/>
    <property name="java.specification.version" value="1.8"/>
    <property name="file.encoding" value="UTF-8"/>
    <property name="user.name" value="user"/>
    <property name="java.class.path" value="/Users/user/Development/work/TFBW/EcdsaTwoPartyThresholdSignature/target/test-classes:/Users/user/Development/work/TFBW/EcdsaTwoPartyThresholdSignature/target/classes:/Users/user/.m2/repository/org/bouncycastle/bcprov-jdk15on/1.51/bcprov-jdk15on-1.51.jar:/Users/user/.m2/repository/org/testng/testng/6.8.7/testng-6.8.7.jar:/Users/user/.m2/repository/org/beanshell/bsh/2.0b4/bsh-2.0b4.jar:/Users/user/.m2/repository/com/beust/jcommander/1.27/jcommander-1.27.jar:/Users/user/.m2/repository/org/yaml/snakeyaml/1.12/snakeyaml-1.12.jar:/Users/user/.m2/repository/junit/junit/4.11/junit-4.11.jar:/Users/user/.m2/repository/org/hamcrest/hamcrest-core/1.3/hamcrest-core-1.3.jar:"/>
    <property name="java.vm.specification.version" value="1.8"/>
    <property name="sun.arch.data.model" value="64"/>
    <property name="java.home" value="/Library/Java/JavaVirtualMachines/jdk1.8.0_20.jdk/Contents/Home/jre"/>
    <property name="sun.java.command" value="/Users/user/Development/work/TFBW/EcdsaTwoPartyThresholdSignature/target/surefire/surefirebooter4200254388658658932.jar /Users/user/Development/work/TFBW/EcdsaTwoPartyThresholdSignature/target/surefire/surefire1072377622756050071tmp /Users/user/Development/work/TFBW/EcdsaTwoPartyThresholdSignature/target/surefire/surefire1820559211853608814tmp"/>
    <property name="java.specification.vendor" value="Oracle Corporation"/>
    <property name="user.language" value="en"/>
    <property name="awt.toolkit" value="sun.lwawt.macosx.LWCToolkit"/>
    <property name="java.vm.info" value="mixed mode"/>
    <property name="java.version" value="1.8.0_20"/>
    <property name="java.ext.dirs" value="/Users/user/Library/Java/Extensions:/Library/Java/JavaVirtualMachines/jdk1.8.0_20.jdk/Contents/Home/jre/lib/ext:/Library/Java/Extensions:/Network/Library/Java/Extensions:/System/Library/Java/Extensions:/usr/lib/java"/>
    <property name="sun.boot.class.path" value="/Library/Java/JavaVirtualMachines/jdk1.8.0_20.jdk/Contents/Home/jre/lib/resources.jar:/Library/Java/JavaVirtualMachines/jdk1.8.0_20.jdk/Contents/Home/jre/lib/rt.jar:/Library/Java/JavaVirtualMachines/jdk1.8.0_20.jdk/Contents/Home/jre/lib/sunrsasign.jar:/Library/Java/JavaVirtualMachines/jdk1.8.0_20.jdk/Contents/Home/jre/lib/jsse.jar:/Library/Java/JavaVirtualMachines/jdk1.8.0_20.jdk/Contents/Home/jre/lib/jce.jar:/Library/Java/JavaVirtualMachines/jdk1.8.0_20.jdk/Contents/Home/jre/lib/charsets.jar:/Library/Java/JavaVirtualMachines/jdk1.8.0_20.jdk/Contents/Home/jre/lib/jfr.jar:/Library/Java/JavaVirtualMachines/jdk1.8.0_20.jdk/Contents/Home/jre/classes"/>
    <property name="java.vendor" value="Oracle Corporation"/>
    <property name="localRepository" value="/Users/user/.m2/repository"/>
    <property name="file.separator" value="/"/>
    <property name="java.vendor.url.bug" value="http://bugreport.sun.com/bugreport/"/>
    <property name="sun.cpu.endian" value="little"/>
    <property name="sun.io.unicode.encoding" value="UnicodeBig"/>
    <property name="socksNonProxyHosts" value="local|*.local|169.254/16|*.169.254/16"/>
    <property name="ftp.nonProxyHosts" value="local|*.local|169.254/16|*.169.254/16"/>
    <property name="sun.cpu.isalist" value=""/>
  </properties>
  <testcase classname="threshold.mr04.SignatureTest" name="testMain" time="6,180.825"/>
</testsuite>